<?xml version="1.0" encoding="UTF-8"?>
<testsuite xmlns:xsi="http://www.w3.org/2001/XMLSchema-instance" xsi:noNamespaceSchemaLocation="https://maven.apache.org/surefire/maven-surefire-plugin/xsd/surefire-test-report-3.0.xsd" version="3.0" name="com.otp.junit.laskin.ExtraTest" time="0.057" tests="5" errors="0" skipped="0" failures="0">
  <properties>
[...]
</properties>
  <testcase name="testNeliojuuriNegat" classname="com.otp.junit.laskin.ExtraTest" time="0.02">
    <system-out><![CDATA[@BeforeAll TESTAAMINEN ALKAA.
@BeforeAll Virta ON (ennen ensimmäistä testiä)
  @BeforeEach Käynnistä uusi testimetodi.
  Nollaa laskin.
  @AfterEach Testimetodi suoritettu.
]]></system-out>
  </testcase>
  <testcase name="testNeliojuuri2" classname="com.otp.junit.laskin.ExtraTest" time="0">
    <system-out><![CDATA[  @BeforeEach Käynnistä uusi testimetodi.
  Nollaa laskin.
  @AfterEach Testimetodi suoritettu.
]]></system-out>
  </testcase>
  <testcase name="testNelio2" classname="com.otp.junit.laskin.ExtraTest" time="0.001">
    <system-out><![CDATA[  @BeforeEach Käynnistä uusi testimetodi.
  Nollaa laskin.
  @AfterEach Testimetodi suoritettu.
]]></system-out>
  </testcase>
  <testcase name="testNelio4" classname="com.otp.junit.laskin.ExtraTest" time="0.001">
    <system-out><![CDATA[  @BeforeEach Käynnistä uusi testimetodi.
  Nollaa laskin.
  @AfterEach Testimetodi suoritettu.
]]></system-out>
  </testcase>
  <testcase name="testNelio5" classname="com.otp.junit.laskin.ExtraTest" time="0.001">
    <system-out><![CDATA[  @BeforeEach Käynnistä uusi testimetodi.
  Nollaa laskin.
  @AfterEach Testimetodi suoritettu.
]]></system-out>
  </testcase>
</testsuite>